应用程序/bulid/outputs/mapping/release/seeds.txt
com.google.android.material.chip.Chip: void setChipStrokeColor(android.content.res.ColorStateList)
androidx.appcompat.widget.AppCompatRadioButton: android.graphics.PorterDuff$Mode getSupportBackgroundTintMode()
com.google.android.material.button.MaterialButton: void setBackground(android.graphics.drawable.Drawable)
androidx.appcompat.view.menu.ActionMenuItemView: void setCheckable(boolean)
androidx.core.widget.NestedScrollView
androidx.recyclerview.widget.RecyclerView: void createLayoutManager(android.content.Context,java.lang.String,android.util.AttributeSet,int,int)
androidx.appcompat.widget.AppCompatSpinner: void setDropDownWidth(int)
com.google.android.material.floatingactionbutton.FloatingActionButton: void setCompatHoveredFocusedTranslationZResource(int)
androidx.appcompat.widget.Toolbar: java.lang.CharSequence getLogoDescription()
androidx.constraintlayout.widget.ConstraintLayout: int getMaxWidth()
com.google.android.material.bottomappbar.BottomAppBar: void setFabAnimationMode(int)
androidx.appcompat.widget.LinearLayoutCompat: void setWeightSum(float)
androidx.recyclerview.widget.RecyclerView: boolean mPostedAnimatorRunner
androidx.recyclerview.widget.RecyclerView: void offsetChildrenHorizontal(int)
androidx.appcompat.widget.ActionBarContextView: int getContentHeight()
androidx.coordinatorlayout.widget.CoordinatorLayout: void setStatusBarBackgroundColor(int)
com.google.android.material.chip.Chip: void setTextAppearanceResource(int)
com.google.android.material.textfield.TextInputLayout: float getBoxCornerRadiusTopStart()
com.google.android.material.chip.Chip: void setTextAppearance(com.google.android.material.resources.TextAppearance)
androidx.lifecycle.Lifecycle$Event: androidx.lifecycle.Lifecycle$Event ON_RESUME
androidx.appcompat.widget.SearchView: java.lang.CharSequence getQuery()
androidx.core.widget.NestedScrollView$SavedState: android.os.Parcelable$Creator CREATOR
androidx.lifecycle.Lifecycle$Event: androidx.lifecycle.Lifecycle$Event ON_PAUSE
com.google.android.material.internal.ForegroundLinearLayout: ForegroundLinearLayout(android.content.Context,android.util.AttributeSet)
androidx.recyclerview.widget.RecyclerView: void onEnterLayoutOrScroll()
com.google.android.material.textfield.TextInputLayout: java.lang.CharSequence getHelperText()
androidx.cardview.widget.CardView: void setCardBackgroundColor(android.content.res.ColorStateList)
androidx.lifecycle.Lifecycle$Event: androidx.lifecycle.Lifecycle$Event ON_START
com.google.android.material.internal.CheckableImageButton: void setPressable(boolean)
com.google.android.material.textfield.TextInputLayout: java.lang.CharSequence getPasswordVisibilityToggleContentDescription()
androidx.appcompat.widget.FitWindowsFrameLayout: void setOnFitSystemWindowsListener(androidx.appcompat.widget.FitWindowsViewGroup$OnFitSystemWindowsListener)
androidx.appcompat.widget.AppCompatSpinner: android.content.Context getPopupContext()
androidx.recyclerview.widget.RecyclerView: void smoothScrollBy(int,int,android.view.animation.Interpolator,int,boolean)
androidx.appcompat.app.AppCompatViewInflater: androidx.appcompat.widget.AppCompatEditText createEditText(android.content.Context,android.util.AttributeSet)
androidx.recyclerview.widget.RecyclerView: boolean isAttachedToWindow()
com.google.android.material.textfield.TextInputLayout: void setEditText(android.widget.EditText)
androidx.appcompat.widget.AppCompatSpinner: void setBackgroundDrawable(android.graphics.drawable.Drawable)
androidx.appcompat.app.AppCompatViewInflater: androidx.appcompat.widget.AppCompatToggleButton createToggleButton(android.content.Context,android.util.AttributeSet)
androidx.appcompat.widget.ContentFrameLayout: ContentFrameLayout(android.content.Context,android.util.AttributeSet)
com.google.android.material.card.MaterialCardView: void setCheckedIconResource(int)
com.google.android.material.floatingactionbutton.FloatingActionButton: void setTranslationY(float)