应用程序/bulid/outputs/mapping/release/mapping.txt
# compiler: R8
# compiler_version: 2.1.86
# min_api: 23
# pg_map_id: 3341126
# common_typos_disable
...
com.google.android.material.floatingactionbutton.FloatingActionButtonImplLollipop -> b.c.a.a.o.g:
    float getElevation() -> c
    1:1:boolean com.google.android.material.floatingactionbutton.FloatingActionButton$ShadowDelegateImpl.isCompatPaddingEnabled():0:0 -> d
    1:1:void getPadding(android.graphics.Rect):0 -> d
    2:2:void getPadding(android.graphics.Rect):0:0 -> d
    void jumpDrawableToCurrentState() -> g
    void onCompatShadowChanged() -> h
    void onDrawableStateChanged(int[]) -> i
    void onElevationsChanged(float,float,float) -> j
    boolean requirePreDrawListener() -> m
    void setRippleColor(android.content.res.ColorStateList) -> o
    1:1:boolean com.google.android.material.floatingactionbutton.FloatingActionButton$ShadowDelegateImpl.isCompatPaddingEnabled():0:0 -> p
    1:1:boolean shouldAddPadding():0 -> p
    2:2:boolean shouldAddPadding():0:0 -> p
    void updateFromViewRotation() -> s
    android.animation.Animator createElevationAnimator(float,float) -> u
com.google.android.material.floatingactionbutton.MotionStrategy -> b.c.a.a.o.h:
com.google.android.material.internal.BaselineLayout -> com.google.android.material.internal.BaselineLayout:
    int baseline -> b
com.google.android.material.internal.CheckableImageButton -> com.google.android.material.internal.CheckableImageButton:
    int[] DRAWABLE_STATE_CHECKED -> g
    boolean checkable -> e
    boolean pressable -> f
    boolean checked -> d
    1:1:void <init>(android.content.Context,android.util.AttributeSet,int):0:0 -> <init>
    1:1:void <init>(android.content.Context,android.util.AttributeSet):0 -> <init>
    1:1:android.os.Parcelable androidx.customview.view.AbsSavedState.getSuperState():0:0 -> onRestoreInstanceState
    1:1:void onRestoreInstanceState(android.os.Parcelable):0 -> onRestoreInstanceState
    2:2:void onRestoreInstanceState(android.os.Parcelable):0:0 -> onRestoreInstanceState
com.google.android.material.internal.CheckableImageButton$1 -> b.c.a.a.p.a:
    com.google.android.material.internal.CheckableImageButton this$0 -> d
    1:1:void androidx.core.view.AccessibilityDelegateCompat.onInitializeAccessibilityEvent(android.view.View,android.view.accessibility.AccessibilityEvent):0:0 -> c
    1:1:void onInitializeAccessibilityEvent(android.view.View,android.view.accessibility.AccessibilityEvent):0 -> c
    2:2:void onInitializeAccessibilityEvent(android.view.View,android.view.accessibility.AccessibilityEvent):0:0 -> c
    1:1:void androidx.core.view.AccessibilityDelegateCompat.onInitializeAccessibilityNodeInfo(android.view.View,androidx.core.view.accessibility.AccessibilityNodeInfoCompat):0:0 -> d
    1:1:void onInitializeAccessibilityNodeInfo(android.view.View,androidx.core.view.accessibility.AccessibilityNodeInfoCompat):0 -> d
    2:2:android.view.accessibility.AccessibilityNodeInfo androidx.core.view.accessibility.AccessibilityNodeInfoCompat.unwrap():0:0 -> d
    2:2:void androidx.core.view.AccessibilityDelegateCompat.onInitializeAccessibilityNodeInfo(android.view.View,androidx.core.view.accessibility.AccessibilityNodeInfoCompat):0 -> d
    2:2:void onInitializeAccessibilityNodeInfo(android.view.View,androidx.core.view.accessibility.AccessibilityNodeInfoCompat):0 -> d
    3:3:void androidx.core.view.AccessibilityDelegateCompat.onInitializeAccessibilityNodeInfo(android.view.View,androidx.core.view.accessibility.AccessibilityNodeInfoCompat):0:0 -> d
com.google.android.material.internal.CheckableImageButton$SavedState -> com.google.android.material.internal.CheckableImageButton$a:
    boolean checked -> d
    1:1:void readFromParcel(android.os.Parcel):0:0 -> <init>
    1:1:void <init>(android.os.Parcel,java.lang.ClassLoader):0 -> <init>
    1:1:void androidx.customview.view.AbsSavedState.writeToParcel(android.os.Parcel,int):0:0 -> writeToParcel
    1:1:void writeToParcel(android.os.Parcel,int):0 -> writeToParcel
    2:2:void writeToParcel(android.os.Parcel,int):0:0 -> writeToParcel