应用程序/bulid/outputs/mapping/release/usage.txt
androidx.core.view.MarginLayoutParamsCompat:
    public static void setMarginStart(android.view.ViewGroup$MarginLayoutParams,int)
    public static void setMarginEnd(android.view.ViewGroup$MarginLayoutParams,int)
    public static boolean isMarginRelative(android.view.ViewGroup$MarginLayoutParams)
    public static int getLayoutDirection(android.view.ViewGroup$MarginLayoutParams)
    public static void setLayoutDirection(android.view.ViewGroup$MarginLayoutParams,int)
    public static void resolveLayoutDirection(android.view.ViewGroup$MarginLayoutParams,int)
    private void <init>()
kotlin.collections.CollectionsKt___CollectionsKt$groupingBy$1
kotlin.jvm.internal.ArrayShortIterator
kotlin.sequences.SequencesKt__SequencesKt$flatten$2
kotlin.collections.ArraysKt___ArraysKt$asSequence$$inlined$Sequence$8
kotlin.jvm.Synchronized
androidx.vectordrawable.graphics.drawable.AnimatedVectorDrawableCompat:
    public static androidx.vectordrawable.graphics.drawable.AnimatedVectorDrawableCompat create(android.content.Context,int)
    private static boolean unregisterPlatformCallback(android.graphics.drawable.AnimatedVectorDrawable,androidx.vectordrawable.graphics.drawable.Animatable2Compat$AnimationCallback)
    private static void registerPlatformCallback(android.graphics.drawable.AnimatedVectorDrawable,androidx.vectordrawable.graphics.drawable.Animatable2Compat$AnimationCallback)
    private void removeAnimatorSetListener()
    public static void registerAnimationCallback(android.graphics.drawable.Drawable,androidx.vectordrawable.graphics.drawable.Animatable2Compat$AnimationCallback)
    public static boolean unregisterAnimationCallback(android.graphics.drawable.Drawable,androidx.vectordrawable.graphics.drawable.Animatable2Compat$AnimationCallback)
    public static void clearAnimationCallbacks(android.graphics.drawable.Drawable)
    public void registerAnimationCallback(androidx.vectordrawable.graphics.drawable.Animatable2Compat$AnimationCallback)
    public boolean unregisterAnimationCallback(androidx.vectordrawable.graphics.drawable.Animatable2Compat$AnimationCallback)
    public void clearAnimationCallbacks()
    androidx.vectordrawable.graphics.drawable.AnimatedVectorDrawableCompat$AnimatedVectorDrawableDelegateState mCachedConstantStateDelegate
    private static final java.lang.String LOGTAG
androidx.core.text.PrecomputedTextCompat$PrecomputedTextFutureTask
kotlin.UNINITIALIZED_VALUE
androidx.appcompat.app.AlertController$RecycleListView:
    public void <init>(android.content.Context)
kotlin.sequences.TransformingIndexedSequence$iterator$1
com.google.android.material.animation.AnimatorSetCompat:
    public void <init>()
com.google.zxing.multi.qrcode.detector.MultiFinderPatternFinder
com.google.zxing.datamatrix.encoder.Base256Encoder
kotlin.LazyKt$WhenMappings
com.google.android.material.R$interpolator
androidx.annotation.IntRange
androidx.recyclerview.widget.ItemTouchHelper$RecoverAnimation
androidx.core.text.BidiFormatter$DirectionalityEstimator:
    private static final int DIR_TYPE_CACHE_SIZE
org.jetbrains.annotations.TestOnly
kotlin.collections.AbstractMap$keys$1
kotlin.jvm.internal.MutablePropertyReference2Impl
com.google.android.material.resources.MaterialAttributes:
    public void <init>()
    public static boolean resolveBooleanOrThrow(android.content.Context,int,java.lang.String)
    public static int resolveMinimumAccessibleTouchTarget(android.content.Context)
    public static int resolveDimension(android.content.Context,int,int)
kotlinx.android.extensions.LayoutContainer
com.google.android.material.internal.NavigationMenuPresenter$NavigationMenuViewAccessibilityDelegate
com.yzq.zxinglibrary.camera.CameraConfigurationManager:
    public static int getDesiredSharpness()
    private static final int TEN_DESIRED_ZOOM
    private static final int DESIRED_SHARPNESS
kotlin.collections.FloatIterator